0 info it worked if it ends with ok
1 verbose cli [ 'node', '/usr/local/bin/npm', 'update', 'minimal-flux' ]
2 info using npm@2.5.1
3 info using node@v0.12.0
4 silly mapToRegistry name minimal-flux
5 silly mapToRegistry using default registry
6 silly mapToRegistry registry https://registry.npmjs.org/
7 silly mapToRegistry uri https://registry.npmjs.org/minimal-flux
8 verbose request uri https://registry.npmjs.org/minimal-flux
9 verbose request no auth needed
10 info attempt registry request try #1 at 21:23:42
11 verbose request id 66d27c8c567b7c4a
12 http request GET https://registry.npmjs.org/minimal-flux
13 http 200 https://registry.npmjs.org/minimal-flux
14 silly get cb [ 200,
14 silly get   { date: 'Thu, 19 Feb 2015 20:23:42 GMT',
14 silly get     server: 'CouchDB/1.6.1 (Erlang OTP/R14B04)',
14 silly get     etag: '"63DSIXO56GAMEAZH9E6SXNA1I"',
14 silly get     'content-type': 'application/json',
14 silly get     'cache-control': 'max-age=60',
14 silly get     'content-length': '3655',
14 silly get     'accept-ranges': 'bytes',
14 silly get     via: '1.1 varnish',
14 silly get     age: '0',
14 silly get     'x-served-by': 'cache-fra1245-FRA',
14 silly get     'x-cache': 'MISS',
14 silly get     'x-cache-hits': '0',
14 silly get     'x-timer': 'S1424377422.663755,VS0,VE110',
14 silly get     vary: 'Accept',
14 silly get     'keep-alive': 'timeout=10, max=50',
14 silly get     connection: 'Keep-Alive' } ]
15 verbose get saving minimal-flux to /Users/malte/.npm/registry.npmjs.org/minimal-flux/.cache.json
16 info outdated updating [ [ '/Users/malte/Code/node/minimal-flux/examples/todo',
16 info outdated     'minimal-flux',
16 info outdated     '0.1.0',
16 info outdated     '0.1.1',
16 info outdated     '0.1.1',
16 info outdated     '0.1.*' ] ]
17 verbose install where, what [ '/Users/malte/Code/node/minimal-flux/examples/todo',
17 verbose install   [ 'minimal-flux@0.1.1' ] ]
18 silly cache add args [ 'minimal-flux@0.1.1', null ]
19 verbose cache add spec minimal-flux@0.1.1
20 silly cache add parsed spec { raw: 'minimal-flux@0.1.1',
20 silly cache add   scope: null,
20 silly cache add   name: 'minimal-flux',
20 silly cache add   rawSpec: '0.1.1',
20 silly cache add   spec: '0.1.1',
20 silly cache add   type: 'version' }
21 verbose addNamed minimal-flux@0.1.1
22 silly addNamed semver.valid 0.1.1
23 silly addNamed semver.validRange 0.1.1
24 silly mapToRegistry name minimal-flux
25 silly mapToRegistry using default registry
26 silly mapToRegistry registry https://registry.npmjs.org/
27 silly mapToRegistry uri https://registry.npmjs.org/minimal-flux
28 verbose addNameVersion registry:https://registry.npmjs.org/minimal-flux not in flight; fetching
29 verbose get https://registry.npmjs.org/minimal-flux not expired, no request
30 silly cache afterAdd minimal-flux@0.1.1
31 verbose afterAdd /Users/malte/.npm/minimal-flux/0.1.1/package/package.json not in flight; writing
32 verbose afterAdd /Users/malte/.npm/minimal-flux/0.1.1/package/package.json written
33 silly install resolved [ { name: 'minimal-flux',
33 silly install resolved     version: '0.1.1',
33 silly install resolved     description: 'A very lightweight implementation of Flux',
33 silly install resolved     main: 'dist/index.js',
33 silly install resolved     bugs: { url: 'https://github.com/malte-wessel/minimal-flux/issues' },
33 silly install resolved     repository:
33 silly install resolved      { type: 'git',
33 silly install resolved        url: 'https://github.com/malte-wessel/minimal-flux.git' },
33 silly install resolved     homepage: 'https://github.com/malte-wessel/minimal-flux',
33 silly install resolved     scripts:
33 silly install resolved      { build: 'babel ./src --out-dir ./dist',
33 silly install resolved        test: 'babel-node ./node_modules/.bin/tape test/*.js',
33 silly install resolved        prepublish: 'npm test',
33 silly install resolved        install: 'npm run build' },
33 silly install resolved     author: { name: 'Malte Wessel', email: 'delabreak@gmail.com' },
33 silly install resolved     license: 'MIT',
33 silly install resolved     devDependencies: { babel: '^4.3.0', tape: '^3.5.0' },
33 silly install resolved     dependencies: { eventemitter3: '^0.1.6', 'object-assign': '^2.0.0' },
33 silly install resolved     keywords: [ 'flux', 'lightweight', 'react', 'flow', 'unidirectional' ],
33 silly install resolved     testling: { files: 'test/*.js', browsers: [Object] },
33 silly install resolved     gitHead: 'd35223df9aff220f2281a0a03204b2216cb8a44b',
33 silly install resolved     readme: 'ERROR: No README data found!',
33 silly install resolved     _id: 'minimal-flux@0.1.1',
33 silly install resolved     _shasum: 'ad073dd9d5884e09071c12716a182059178f2f1c',
33 silly install resolved     _from: 'minimal-flux@0.1.1' } ]
34 info install minimal-flux@0.1.1 into /Users/malte/Code/node/minimal-flux/examples/todo
35 info installOne minimal-flux@0.1.1
36 verbose installOne of minimal-flux to /Users/malte/Code/node/minimal-flux/examples/todo not in flight; installing
37 verbose lock using /Users/malte/.npm/_locks/minimal-flux-9db049bf1518b70e.lock for /Users/malte/Code/node/minimal-flux/examples/todo/node_modules/minimal-flux
38 silly install write writing minimal-flux 0.1.1 to /Users/malte/Code/node/minimal-flux/examples/todo/node_modules/minimal-flux
39 silly cache addNamed cb minimal-flux@0.1.1
40 verbose unbuild node_modules/minimal-flux
41 info preuninstall minimal-flux@0.1.0
42 info uninstall minimal-flux@0.1.0
43 verbose unbuild rmStuff minimal-flux@0.1.0 from /Users/malte/Code/node/minimal-flux/examples/todo/node_modules
44 info postuninstall minimal-flux@0.1.0
45 verbose gentlyRm vacuuming /Users/malte/Code/node/minimal-flux/examples/todo/node_modules/minimal-flux
46 silly gentlyRm purging /Users/malte/Code/node/minimal-flux/examples/todo/node_modules/minimal-flux
47 silly gentlyRm quitting because other entries in /Users/malte/Code/node/minimal-flux/examples/todo/node_modules
48 verbose tar unpack /Users/malte/.npm/minimal-flux/0.1.1/package.tgz
49 verbose tar unpacking to /Users/malte/Code/node/minimal-flux/examples/todo/node_modules/minimal-flux
50 verbose gentlyRm vacuuming /Users/malte/Code/node/minimal-flux/examples/todo/node_modules/minimal-flux
51 silly gunzTarPerm modes [ '755', '644' ]
52 silly gunzTarPerm extractEntry package.json
53 silly gunzTarPerm extractEntry .npmignore
54 silly gunzTarPerm extractEntry examples/todo/package.json
55 silly gunzTarPerm extractEntry examples/todo/index.html
56 silly gunzTarPerm extractEntry examples/todo/src/app.js
57 silly gunzTarPerm extractEntry examples/todo/src/flux.js
58 silly gunzTarPerm extractEntry examples/todo/src/actions/TodoActions.js
59 silly gunzTarPerm extractEntry examples/todo/src/components/App.js
60 silly gunzTarPerm extractEntry examples/todo/src/components/Input.js
61 silly gunzTarPerm extractEntry examples/todo/src/stores/TodoStore.js
62 silly gunzTarPerm extractEntry src/Actions.js
63 silly gunzTarPerm extractEntry src/Flux.js
64 silly gunzTarPerm extractEntry src/Store.js
65 silly gunzTarPerm extractEntry src/index.js
66 silly gunzTarPerm extractEntry test/Actions.js
67 silly gunzTarPerm extractEntry test/Flux.js
68 silly gunzTarPerm extractEntry test/Store.js
69 info preinstall minimal-flux@0.1.1
70 silly prepareForInstallMany adding eventemitter3@^0.1.6 from minimal-flux dependencies
71 silly prepareForInstallMany adding object-assign@^2.0.0 from minimal-flux dependencies
72 silly cache add args [ 'eventemitter3@^0.1.6', null ]
73 verbose cache add spec eventemitter3@^0.1.6
74 silly cache add args [ 'object-assign@^2.0.0', null ]
75 verbose cache add spec object-assign@^2.0.0
76 silly cache add parsed spec { raw: 'eventemitter3@^0.1.6',
76 silly cache add   scope: null,
76 silly cache add   name: 'eventemitter3',
76 silly cache add   rawSpec: '^0.1.6',
76 silly cache add   spec: '>=0.1.6 <0.2.0',
76 silly cache add   type: 'range' }
77 verbose addNamed eventemitter3@>=0.1.6 <0.2.0
78 silly addNamed semver.valid null
79 silly addNamed semver.validRange >=0.1.6 <0.2.0
80 silly addNameRange { name: 'eventemitter3',
80 silly addNameRange   range: '>=0.1.6 <0.2.0',
80 silly addNameRange   hasData: false }
81 silly mapToRegistry name eventemitter3
82 silly mapToRegistry using default registry
83 silly mapToRegistry registry https://registry.npmjs.org/
84 silly mapToRegistry uri https://registry.npmjs.org/eventemitter3
85 verbose addNameRange registry:https://registry.npmjs.org/eventemitter3 not in flight; fetching
86 silly cache add parsed spec { raw: 'object-assign@^2.0.0',
86 silly cache add   scope: null,
86 silly cache add   name: 'object-assign',
86 silly cache add   rawSpec: '^2.0.0',
86 silly cache add   spec: '>=2.0.0 <3.0.0',
86 silly cache add   type: 'range' }
87 verbose addNamed object-assign@>=2.0.0 <3.0.0
88 silly addNamed semver.valid null
89 silly addNamed semver.validRange >=2.0.0 <3.0.0
90 silly addNameRange { name: 'object-assign',
90 silly addNameRange   range: '>=2.0.0 <3.0.0',
90 silly addNameRange   hasData: false }
91 silly mapToRegistry name object-assign
92 silly mapToRegistry using default registry
93 silly mapToRegistry registry https://registry.npmjs.org/
94 silly mapToRegistry uri https://registry.npmjs.org/object-assign
95 verbose addNameRange registry:https://registry.npmjs.org/object-assign not in flight; fetching
96 verbose request uri https://registry.npmjs.org/eventemitter3
97 verbose request no auth needed
98 info attempt registry request try #1 at 21:23:43
99 verbose etag "3BBPFNX32OUOO2CP42NID9U6U"
100 http request GET https://registry.npmjs.org/eventemitter3
101 verbose request uri https://registry.npmjs.org/object-assign
102 verbose request no auth needed
103 info attempt registry request try #1 at 21:23:43
104 verbose etag "27CYXJ21O96AUS1ZHYM0APF48"
105 http request GET https://registry.npmjs.org/object-assign
106 http 304 https://registry.npmjs.org/eventemitter3
107 silly get cb [ 304,
107 silly get   { date: 'Thu, 19 Feb 2015 20:23:43 GMT',
107 silly get     server: 'Apache',
107 silly get     via: '1.1 varnish',
107 silly get     'last-modified': 'Thu, 19 Feb 2015 20:23:43 GMT',
107 silly get     'cache-control': 'max-age=60',
107 silly get     etag: '"3BBPFNX32OUOO2CP42NID9U6U"',
107 silly get     age: '54',
107 silly get     'x-served-by': 'cache-fra1233-FRA',
107 silly get     'x-cache': 'HIT',
107 silly get     'x-cache-hits': '1',
107 silly get     'x-timer': 'S1424377423.154471,VS0,VE0',
107 silly get     vary: 'Accept',
107 silly get     'content-length': '0',
107 silly get     'keep-alive': 'timeout=10, max=50',
107 silly get     connection: 'Keep-Alive' } ]
108 verbose etag https://registry.npmjs.org/eventemitter3 from cache
109 verbose get saving eventemitter3 to /Users/malte/.npm/registry.npmjs.org/eventemitter3/.cache.json
110 http 304 https://registry.npmjs.org/object-assign
111 silly get cb [ 304,
111 silly get   { date: 'Thu, 19 Feb 2015 20:23:43 GMT',
111 silly get     server: 'Apache',
111 silly get     via: '1.1 varnish',
111 silly get     'last-modified': 'Thu, 19 Feb 2015 20:23:35 GMT',
111 silly get     'cache-control': 'max-age=60',
111 silly get     etag: '"27CYXJ21O96AUS1ZHYM0APF48"',
111 silly get     age: '56',
111 silly get     'x-served-by': 'cache-fra1227-FRA',
111 silly get     'x-cache': 'HIT',
111 silly get     'x-cache-hits': '2',
111 silly get     'x-timer': 'S1424377423.158746,VS0,VE0',
111 silly get     vary: 'Accept',
111 silly get     'content-length': '0',
111 silly get     'keep-alive': 'timeout=10, max=50',
111 silly get     connection: 'Keep-Alive' } ]
112 verbose etag https://registry.npmjs.org/object-assign from cache
113 verbose get saving object-assign to /Users/malte/.npm/registry.npmjs.org/object-assign/.cache.json
114 silly addNameRange number 2 { name: 'eventemitter3', range: '>=0.1.6 <0.2.0', hasData: true }
115 silly addNameRange versions [ 'eventemitter3',
115 silly addNameRange   [ '0.0.0',
115 silly addNameRange     '0.0.1',
115 silly addNameRange     '0.1.0',
115 silly addNameRange     '0.1.1',
115 silly addNameRange     '0.1.2',
115 silly addNameRange     '0.1.3',
115 silly addNameRange     '0.1.4',
115 silly addNameRange     '0.1.5',
115 silly addNameRange     '0.1.6' ] ]
116 verbose addNamed eventemitter3@0.1.6
117 silly addNamed semver.valid 0.1.6
118 silly addNamed semver.validRange 0.1.6
119 silly addNameRange number 2 { name: 'object-assign', range: '>=2.0.0 <3.0.0', hasData: true }
120 silly addNameRange versions [ 'object-assign',
120 silly addNameRange   [ '0.1.0',
120 silly addNameRange     '0.1.1',
120 silly addNameRange     '0.1.2',
120 silly addNameRange     '0.2.0',
120 silly addNameRange     '0.2.1',
120 silly addNameRange     '0.2.2',
120 silly addNameRange     '0.3.0',
120 silly addNameRange     '0.3.1',
120 silly addNameRange     '0.4.0',
120 silly addNameRange     '1.0.0',
120 silly addNameRange     '2.0.0' ] ]
121 verbose addNamed object-assign@2.0.0
122 silly addNamed semver.valid 2.0.0
123 silly addNamed semver.validRange 2.0.0
124 silly cache afterAdd eventemitter3@0.1.6
125 verbose afterAdd /Users/malte/.npm/eventemitter3/0.1.6/package/package.json not in flight; writing
126 silly cache afterAdd object-assign@2.0.0
127 verbose afterAdd /Users/malte/.npm/object-assign/2.0.0/package/package.json not in flight; writing
128 verbose afterAdd /Users/malte/.npm/eventemitter3/0.1.6/package/package.json written
129 verbose afterAdd /Users/malte/.npm/object-assign/2.0.0/package/package.json written
130 silly install resolved [ { name: 'eventemitter3',
130 silly install resolved     version: '0.1.6',
130 silly install resolved     description: 'EventEmitter3 focuses on performance while maintaining a Node.js AND browser compatible interface.',
130 silly install resolved     main: 'index.js',
130 silly install resolved     scripts:
130 silly install resolved      { test: 'mocha --reporter spec --ui bdd test.js',
130 silly install resolved        coverage: 'istanbul cover ./node_modules/.bin/_mocha -- --reporter spec --ui bdd test.js',
130 silly install resolved        'test-travis': 'istanbul cover node_modules/.bin/_mocha --report lcovonly -- --reporter spec test.js' },
130 silly install resolved     repository:
130 silly install resolved      { type: 'git',
130 silly install resolved        url: 'git://github.com/primus/EventEmitter3.git' },
130 silly install resolved     keywords:
130 silly install resolved      [ 'EventEmitter',
130 silly install resolved        'EventEmitter2',
130 silly install resolved        'EventEmitter3',
130 silly install resolved        'Events',
130 silly install resolved        'addEventListener',
130 silly install resolved        'addListener',
130 silly install resolved        'emit',
130 silly install resolved        'emits',
130 silly install resolved        'emitter',
130 silly install resolved        'event',
130 silly install resolved        'once',
130 silly install resolved        'pub/sub',
130 silly install resolved        'publish',
130 silly install resolved        'reactor',
130 silly install resolved        'subscribe' ],
130 silly install resolved     author: { name: 'Arnout Kazemier' },
130 silly install resolved     license: 'MIT',
130 silly install resolved     bugs: { url: 'https://github.com/primus/EventEmitter3/issues' },
130 silly install resolved     devDependencies:
130 silly install resolved      { assume: '0.0.x',
130 silly install resolved        istanbul: '0.3.x',
130 silly install resolved        mocha: '2.0.x',
130 silly install resolved        'pre-commit': '0.0.x' },
130 silly install resolved     gitHead: '965f7968e2a8eb580e1f63b7863fb957b3516b36',
130 silly install resolved     homepage: 'https://github.com/primus/EventEmitter3',
130 silly install resolved     _id: 'eventemitter3@0.1.6',
130 silly install resolved     _shasum: '8c7ac44b87baab55cd50c828dc38778eac052ea5',
130 silly install resolved     _from: 'eventemitter3@>=0.1.6 <0.2.0',
130 silly install resolved     _npmVersion: '1.4.28',
130 silly install resolved     _npmUser: { name: 'V1', email: 'info@3rd-Eden.com' },
130 silly install resolved     maintainers: [ [Object] ],
130 silly install resolved     dist:
130 silly install resolved      { shasum: '8c7ac44b87baab55cd50c828dc38778eac052ea5',
130 silly install resolved        tarball: 'http://registry.npmjs.org/eventemitter3/-/eventemitter3-0.1.6.tgz' },
130 silly install resolved     directories: {},
130 silly install resolved     _resolved: 'https://registry.npmjs.org/eventemitter3/-/eventemitter3-0.1.6.tgz',
130 silly install resolved     readme: 'ERROR: No README data found!' },
130 silly install resolved   { name: 'object-assign',
130 silly install resolved     version: '2.0.0',
130 silly install resolved     description: 'ES6 Object.assign() ponyfill',
130 silly install resolved     license: 'MIT',
130 silly install resolved     repository:
130 silly install resolved      { type: 'git',
130 silly install resolved        url: 'https://github.com/sindresorhus/object-assign' },
130 silly install resolved     author:
130 silly install resolved      { name: 'Sindre Sorhus',
130 silly install resolved        email: 'sindresorhus@gmail.com',
130 silly install resolved        url: 'http://sindresorhus.com' },
130 silly install resolved     engines: { node: '>=0.10.0' },
130 silly install resolved     scripts: { test: 'mocha' },
130 silly install resolved     files: [ 'index.js' ],
130 silly install resolved     keywords:
130 silly install resolved      [ 'object',
130 silly install resolved        'assign',
130 silly install resolved        'extend',
130 silly install resolved        'properties',
130 silly install resolved        'es6',
130 silly install resolved        'ecmascript',
130 silly install resolved        'harmony',
130 silly install resolved        'ponyfill',
130 silly install resolved        'prollyfill',
130 silly install resolved        'polyfill',
130 silly install resolved        'shim',
130 silly install resolved        'browser' ],
130 silly install resolved     devDependencies: { mocha: '*' },
130 silly install resolved     gitHead: '4cd0365f5a78dd369473ca0bbd31f7b234148c42',
130 silly install resolved     bugs: { url: 'https://github.com/sindresorhus/object-assign/issues' },
130 silly install resolved     homepage: 'https://github.com/sindresorhus/object-assign',
130 silly install resolved     _id: 'object-assign@2.0.0',
130 silly install resolved     _shasum: 'f8309b09083b01261ece3ef7373f2b57b8dd7042',
130 silly install resolved     _from: 'object-assign@>=2.0.0 <3.0.0',
130 silly install resolved     _npmVersion: '2.1.5',
130 silly install resolved     _nodeVersion: '0.10.32',
130 silly install resolved     _npmUser: { name: 'sindresorhus', email: 'sindresorhus@gmail.com' },
130 silly install resolved     maintainers: [ [Object] ],
130 silly install resolved     dist:
130 silly install resolved      { shasum: 'f8309b09083b01261ece3ef7373f2b57b8dd7042',
130 silly install resolved        tarball: 'http://registry.npmjs.org/object-assign/-/object-assign-2.0.0.tgz' },
130 silly install resolved     directories: {},
130 silly install resolved     _resolved: 'https://registry.npmjs.org/object-assign/-/object-assign-2.0.0.tgz',
130 silly install resolved     readme: 'ERROR: No README data found!' } ]
131 info install eventemitter3@0.1.6 into /Users/malte/Code/node/minimal-flux/examples/todo/node_modules/minimal-flux
132 info install object-assign@2.0.0 into /Users/malte/Code/node/minimal-flux/examples/todo/node_modules/minimal-flux
133 info installOne eventemitter3@0.1.6
134 verbose installOne of eventemitter3 to /Users/malte/Code/node/minimal-flux/examples/todo/node_modules/minimal-flux not in flight; installing
135 info installOne object-assign@2.0.0
136 verbose installOne of object-assign to /Users/malte/Code/node/minimal-flux/examples/todo/node_modules/minimal-flux not in flight; installing
137 verbose lock using /Users/malte/.npm/_locks/eventemitter3-d66dc7817ec36607.lock for /Users/malte/Code/node/minimal-flux/examples/todo/node_modules/minimal-flux/node_modules/eventemitter3
138 verbose lock using /Users/malte/.npm/_locks/object-assign-4a9d28e34e1f934b.lock for /Users/malte/Code/node/minimal-flux/examples/todo/node_modules/minimal-flux/node_modules/object-assign
139 silly install write writing eventemitter3 0.1.6 to /Users/malte/Code/node/minimal-flux/examples/todo/node_modules/minimal-flux/node_modules/eventemitter3
140 silly cache addNamed cb eventemitter3@0.1.6
141 verbose unbuild node_modules/minimal-flux/node_modules/eventemitter3
142 info preuninstall eventemitter3@0.1.6
143 silly install write writing object-assign 2.0.0 to /Users/malte/Code/node/minimal-flux/examples/todo/node_modules/minimal-flux/node_modules/object-assign
144 silly cache addNamed cb object-assign@2.0.0
145 verbose unbuild node_modules/minimal-flux/node_modules/object-assign
146 info preuninstall object-assign@2.0.0
147 info uninstall eventemitter3@0.1.6
148 info uninstall object-assign@2.0.0
149 verbose unbuild rmStuff eventemitter3@0.1.6 from /Users/malte/Code/node/minimal-flux/examples/todo/node_modules
150 verbose unbuild rmStuff in /Users/malte/Code/node/minimal-flux/examples/todo/node_modules/minimal-flux/node_modules
151 info postuninstall eventemitter3@0.1.6
152 verbose unbuild rmStuff object-assign@2.0.0 from /Users/malte/Code/node/minimal-flux/examples/todo/node_modules
153 verbose unbuild rmStuff in /Users/malte/Code/node/minimal-flux/examples/todo/node_modules/minimal-flux/node_modules
154 info postuninstall object-assign@2.0.0
155 verbose gentlyRm vacuuming /Users/malte/Code/node/minimal-flux/examples/todo/node_modules/minimal-flux/node_modules/eventemitter3
156 verbose gentlyRm vacuuming /Users/malte/Code/node/minimal-flux/examples/todo/node_modules/minimal-flux/node_modules/object-assign
157 verbose tar unpack /Users/malte/.npm/eventemitter3/0.1.6/package.tgz
158 verbose tar unpacking to /Users/malte/Code/node/minimal-flux/examples/todo/node_modules/minimal-flux/node_modules/eventemitter3
159 verbose gentlyRm vacuuming /Users/malte/Code/node/minimal-flux/examples/todo/node_modules/minimal-flux/node_modules/eventemitter3
160 verbose tar unpack /Users/malte/.npm/object-assign/2.0.0/package.tgz
161 verbose tar unpacking to /Users/malte/Code/node/minimal-flux/examples/todo/node_modules/minimal-flux/node_modules/object-assign
162 verbose gentlyRm vacuuming /Users/malte/Code/node/minimal-flux/examples/todo/node_modules/minimal-flux/node_modules/object-assign
163 silly gunzTarPerm modes [ '755', '644' ]
164 silly gunzTarPerm modes [ '755', '644' ]
165 silly gunzTarPerm extractEntry package.json
166 silly gunzTarPerm extractEntry package.json
167 silly gunzTarPerm extractEntry .npmignore
168 silly gunzTarPerm extractEntry README.md
169 silly gunzTarPerm extractEntry index.js
170 silly gunzTarPerm extractEntry readme.md
171 silly gunzTarPerm extractEntry LICENSE
172 silly gunzTarPerm extractEntry test.js
173 silly gunzTarPerm extractEntry index.js
174 silly gunzTarPerm extractEntry .travis.yml
175 silly gunzTarPerm extractEntry component.json
176 info preinstall object-assign@2.0.0
177 silly install resolved []
178 verbose about to build /Users/malte/Code/node/minimal-flux/examples/todo/node_modules/minimal-flux/node_modules/object-assign
179 info build /Users/malte/Code/node/minimal-flux/examples/todo/node_modules/minimal-flux/node_modules/object-assign
180 verbose linkStuff [ false,
180 verbose linkStuff   false,
180 verbose linkStuff   false,
180 verbose linkStuff   '/Users/malte/Code/node/minimal-flux/examples/todo/node_modules/minimal-flux/node_modules' ]
181 info linkStuff object-assign@2.0.0
182 verbose linkBins object-assign@2.0.0
183 verbose linkMans object-assign@2.0.0
184 verbose rebuildBundles object-assign@2.0.0
185 info install object-assign@2.0.0
186 info postinstall object-assign@2.0.0
187 verbose unlock done using /Users/malte/.npm/_locks/object-assign-4a9d28e34e1f934b.lock for /Users/malte/Code/node/minimal-flux/examples/todo/node_modules/minimal-flux/node_modules/object-assign
188 info preinstall eventemitter3@0.1.6
189 silly install resolved []
190 verbose about to build /Users/malte/Code/node/minimal-flux/examples/todo/node_modules/minimal-flux/node_modules/eventemitter3
191 info build /Users/malte/Code/node/minimal-flux/examples/todo/node_modules/minimal-flux/node_modules/eventemitter3
192 verbose linkStuff [ false,
192 verbose linkStuff   false,
192 verbose linkStuff   false,
192 verbose linkStuff   '/Users/malte/Code/node/minimal-flux/examples/todo/node_modules/minimal-flux/node_modules' ]
193 info linkStuff eventemitter3@0.1.6
194 verbose linkBins eventemitter3@0.1.6
195 verbose linkMans eventemitter3@0.1.6
196 verbose rebuildBundles eventemitter3@0.1.6
197 info install eventemitter3@0.1.6
198 info postinstall eventemitter3@0.1.6
199 verbose unlock done using /Users/malte/.npm/_locks/eventemitter3-d66dc7817ec36607.lock for /Users/malte/Code/node/minimal-flux/examples/todo/node_modules/minimal-flux/node_modules/eventemitter3
200 verbose about to build /Users/malte/Code/node/minimal-flux/examples/todo/node_modules/minimal-flux
201 info build /Users/malte/Code/node/minimal-flux/examples/todo/node_modules/minimal-flux
202 verbose linkStuff [ false,
202 verbose linkStuff   false,
202 verbose linkStuff   false,
202 verbose linkStuff   '/Users/malte/Code/node/minimal-flux/examples/todo/node_modules' ]
203 info linkStuff minimal-flux@0.1.1
204 verbose linkBins minimal-flux@0.1.1
205 verbose linkMans minimal-flux@0.1.1
206 verbose rebuildBundles minimal-flux@0.1.1
207 verbose rebuildBundles [ 'eventemitter3', 'object-assign' ]
208 info install minimal-flux@0.1.1
209 verbose unsafe-perm in lifecycle true
210 info minimal-flux@0.1.1 Failed to exec install script
211 verbose unlock done using /Users/malte/.npm/_locks/minimal-flux-9db049bf1518b70e.lock for /Users/malte/Code/node/minimal-flux/examples/todo/node_modules/minimal-flux
212 verbose stack Error: minimal-flux@0.1.1 install: `npm run build`
212 verbose stack Exit status 1
212 verbose stack     at EventEmitter.<anonymous> (/usr/local/lib/node_modules/npm/lib/utils/lifecycle.js:213:16)
212 verbose stack     at EventEmitter.emit (events.js:110:17)
212 verbose stack     at ChildProcess.<anonymous> (/usr/local/lib/node_modules/npm/lib/utils/spawn.js:14:12)
212 verbose stack     at ChildProcess.emit (events.js:110:17)
212 verbose stack     at maybeClose (child_process.js:1008:16)
212 verbose stack     at Process.ChildProcess._handle.onexit (child_process.js:1080:5)
213 verbose pkgid minimal-flux@0.1.1
214 verbose cwd /Users/malte/Code/node/minimal-flux/examples/todo
215 error Darwin 14.1.0
216 error argv "node" "/usr/local/bin/npm" "update" "minimal-flux"
217 error node v0.12.0
218 error npm  v2.5.1
219 error code ELIFECYCLE
220 error minimal-flux@0.1.1 install: `npm run build`
220 error Exit status 1
221 error Failed at the minimal-flux@0.1.1 install script 'npm run build'.
221 error This is most likely a problem with the minimal-flux package,
221 error not with npm itself.
221 error Tell the author that this fails on your system:
221 error     npm run build
221 error You can get their info via:
221 error     npm owner ls minimal-flux
221 error There is likely additional logging output above.
222 verbose exit [ 1, true ]
223 verbose unbuild node_modules/minimal-flux
224 info preuninstall minimal-flux@0.1.1
225 info uninstall minimal-flux@0.1.1
226 verbose unbuild rmStuff minimal-flux@0.1.1 from /Users/malte/Code/node/minimal-flux/examples/todo/node_modules
227 info postuninstall minimal-flux@0.1.1
228 verbose gentlyRm vacuuming /Users/malte/Code/node/minimal-flux/examples/todo/node_modules/minimal-flux
229 silly gentlyRm purging /Users/malte/Code/node/minimal-flux/examples/todo/node_modules/minimal-flux
230 silly gentlyRm quitting because other entries in /Users/malte/Code/node/minimal-flux/examples/todo/node_modules
